<?xml version="1.0" encoding="UTF-8"?>
<testsuite name="MyTest" tests="4" skipped="0" failures="0" errors="0" timestamp="2024-04-26T09:32:39" hostname="DESKTOP-15VMVI4" time="0.024">
  <properties/>
  <testcase name="testAllContains()" classname="MyTest" time="0.019"/>
  <testcase name="testNoContains()" classname="MyTest" time="0.001"/>
  <testcase name="testOneContainsWithPunctuation()" classname="MyTest" time="0.002"/>
  <testcase name="testMetricWorks()" classname="MyTest" time="0.001"/>
  <system-out><![CDATA[]]></system-out>
  <system-err><![CDATA[]]></system-err>
</testsuite>
